<?xml version="1.0" encoding="UTF-8"?>
<!-- Generated by org.testng.reporters.JUnitReportReporter -->
<testsuite hostname="MSI-WORK" failures="0" tests="1" name="com.amazon.page.VerifyAmazonPage" time="17.927" errors="0" timestamp="2024-10-07T14:54:47 IST" skipped="0">
  <testcase classname="com.amazon.page.VerifyAmazonPage" name="testAmazonTitle" time="17.927"/>
  <system-out/>
</testsuite> <!-- com.amazon.page.VerifyAmazonPage -->
