<?xml version="1.0" encoding="UTF-8"?>
<!-- Generated by org.testng.reporters.JUnitReportReporter -->
<testsuite hostname="MSI-WORK" failures="0" tests="3" name="com.amazon.testcases.AmazonHomePageTest" time="22.799" errors="0" timestamp="2024-10-08T19:08:08 IST" skipped="0">
  <testcase classname="com.amazon.testcases.AmazonHomePageTest" name="verifyAmazonHomePageTitle" time="9.032"/>
  <system-out/>
  <testcase classname="com.amazon.testcases.AmazonHomePageTest" name="verifyAmazonHomePageTitle" time="3.539"/>
  <system-out/>
  <testcase classname="com.amazon.testcases.AmazonHomePageTest" name="verifyAmazonHomePageTitle" time="10.228"/>
  <system-out/>
</testsuite> <!-- com.amazon.testcases.AmazonHomePageTest -->
